Loading the GNU Compiler Collection (GCC)
Setting SHMEM symmetric size
Currently Loaded Modulefiles:
 1) git/2.37.3                                                           
 2) epcc/utils                                                           
 3) /mnt/lustre/e1000/home/y07/shared/cirrus-modulefiles/epcc/setup-env  
 4) libtool/2.4.7                                                        
 5) gcc/10.2.0(default)                                                  
 6) openmpi/4.1.6(default)                                               
Run osu_oshm_put benchmark using 1 nodes and 2 tasks:
Run osu_oshm_get benchmark using 1 nodes and 2 tasks:
Run osu_oshm_put_bw benchmark using 1 nodes and 2 tasks:
Run osu_oshm_get_bw benchmark using 1 nodes and 2 tasks:
Run osu_oshm_barrier benchmark using 1 nodes and 36 tasks:
Run osu_get_latency with lock synchronisation benchmark using 1 nodes and 2 tasks:
Run osu_get_latency with flush synchronisation benchmark using 1 nodes and 2 tasks:
Run osu_put_latency with lock synchronisation benchmark using 1 nodes and 2 tasks:
Run osu_put_latency with flush synchronisation benchmark using 1 nodes and 2 tasks:
Run osu_get_bw with lock synchronisation benchmark using 1 nodes and 2 tasks:
Run osu_get_bw with flush synchronisation benchmark using 1 nodes and 2 tasks:
Run osu_put_bw with lock synchronisation benchmark using 1 nodes and 2 tasks:
Run osu_put_bw with flush synchronisation benchmark using 1 nodes and 2 tasks:
Run osu_latency benchmark using 1 nodes and 2 tasks:
Run osu_bw benchmark using 1 nodes and 2 tasks:
Run osu_allreduce benchmark using 1 nodes and 36 tasks:
Run osu_oshm_put benchmark using 2 nodes and 2 tasks:
Run osu_oshm_get benchmark using 2 nodes and 2 tasks:
Run osu_oshm_put_bw benchmark using 2 nodes and 2 tasks:
Run osu_oshm_get_bw benchmark using 2 nodes and 2 tasks:
Run osu_oshm_barrier benchmark using 2 nodes and 36 tasks:
Run osu_get_latency with lock synchronisation benchmark using 2 nodes and 2 tasks:
Run osu_get_latency with flush synchronisation benchmark using 2 nodes and 2 tasks:
Run osu_put_latency with lock synchronisation benchmark using 2 nodes and 2 tasks:
Run osu_put_latency with flush synchronisation benchmark using 2 nodes and 2 tasks:
Run osu_get_bw with lock synchronisation benchmark using 2 nodes and 2 tasks:
Run osu_get_bw with flush synchronisation benchmark using 2 nodes and 2 tasks:
Run osu_put_bw with lock synchronisation benchmark using 2 nodes and 2 tasks:
Run osu_put_bw with flush synchronisation benchmark using 2 nodes and 2 tasks:
Run osu_latency benchmark using 2 nodes and 2 tasks:
Run osu_bw benchmark using 2 nodes and 2 tasks:
Run osu_allreduce benchmark using 2 nodes and 36 tasks:
