Loading the Cray Compiling Environment (CCE)
PrgEnv-cray/8.5.0(161):ERROR:150: Module 'PrgEnv-cray/8.5.0' conflicts with the currently loaded module(s) 'PrgEnv-cray/8.6.0'
PrgEnv-cray/8.5.0(161):ERROR:102: Tcl command execution failed: conflict PrgEnv-cray

cce/17.0.0(11):ERROR:150: Module 'cce/17.0.0' conflicts with the currently loaded module(s) 'cce/18.0.1'
cce/17.0.0(11):ERROR:102: Tcl command execution failed: conflict cce

cray-mpich/8.1.28(11):ERROR:150: Module 'cray-mpich/8.1.28' conflicts with the currently loaded module(s) 'cray-mpich/8.1.31'
cray-mpich/8.1.28(11):ERROR:102: Tcl command execution failed: conflict cray-mpich

cray-dsmml/0.2.2(7):ERROR:150: Module 'cray-dsmml/0.2.2' conflicts with the currently loaded module(s) 'cray-dsmml/0.3.0'
cray-dsmml/0.2.2(7):ERROR:102: Tcl command execution failed: conflict cray-dsmml

cray-openshmemx/11.7.0(8):ERROR:150: Module 'cray-openshmemx/11.7.0' conflicts with the currently loaded module(s) 'cray-openshmemx/11.7.3'
cray-openshmemx/11.7.0(8):ERROR:102: Tcl command execution failed: conflict cray-openshmemx

Switching to PrgEnv-cray/8.6.0.
Switching to cce/18.0.1.
Switching to cray-dsmml/0.3.0.
Switching to cray-libsci/24.11.0.
Switching to cray-mpich/8.1.31.
Switching to cray-openshmemx/11.7.3.
Switching to craype/2.7.33.
Switching to perftools-base/24.11.0.
Currently Loaded Modulefiles:
  1) craype-x86-rome
  2) libfabric/1.22.0
  3) craype-network-ofi
  4) perftools-base/24.11.0
  5) xpmem/2.9.6-1.1_20240510205610__g087dc11fc19d
  6) cce/18.0.1
  7) craype/2.7.33
  8) cray-dsmml/0.3.0
  9) cray-mpich/8.1.31
 10) cray-libsci/24.11.0
 11) PrgEnv-cray/8.6.0
 12) cray-openshmemx/11.7.3
 13) cpe/24.11
Run osu_oshm_put benchmark using 1 nodes and 2 tasks:
srun: defined options
srun: -------------------- --------------------
srun: (null)              : x1000c6s5b1n[0-1]
srun: cpus-per-task       : 1
srun: distribution        : block:block
srun: hint                : nomultithread
srun: jobid               : 852209
srun: job-name            : hotlum-osu
srun: mem                 : 446G
srun: nodes               : 1
srun: ntasks              : 2
srun: output              : hotlum-osu_oshm_put
srun: tres-per-task       : cpu:1
srun: unbuffered          : set
srun: verbose             : 1
srun: -------------------- --------------------
srun: end of defined options
srun: jobid 852209: nodes(2):`x1000c6s5b1n[0-1]', cpu counts: 256(x2)
srun: Implicitly setting --exact, because -c/--cpus-per-task given.
srun: CpuBindType=threads,one_thread
srun: launching StepId=852209.0 on host x1000c6s5b1n0, 2 tasks: [0-1]
srun: topology/default: init: topology Default plugin loaded
srun: Node x1000c6s5b1n0, 2 tasks started
srun: Received task exit notification for 2 tasks of StepId=852209.0 (status=0x0000).
srun: x1000c6s5b1n0: tasks 0-1: Completed
Run osu_oshm_get benchmark using 1 nodes and 2 tasks:
srun: defined options
srun: -------------------- --------------------
srun: (null)              : x1000c6s5b1n[0-1]
srun: cpus-per-task       : 1
srun: distribution        : block:block
srun: hint                : nomultithread
srun: jobid               : 852209
srun: job-name            : hotlum-osu
srun: mem                 : 446G
srun: nodes               : 1
srun: ntasks              : 2
srun: output              : hotlum-osu_oshm_get
srun: tres-per-task       : cpu:1
srun: unbuffered          : set
srun: verbose             : 1
srun: -------------------- --------------------
srun: end of defined options
srun: jobid 852209: nodes(2):`x1000c6s5b1n[0-1]', cpu counts: 256(x2)
srun: Implicitly setting --exact, because -c/--cpus-per-task given.
srun: CpuBindType=threads,one_thread
srun: launching StepId=852209.1 on host x1000c6s5b1n0, 2 tasks: [0-1]
srun: topology/default: init: topology Default plugin loaded
srun: Node x1000c6s5b1n0, 2 tasks started
srun: Received task exit notification for 2 tasks of StepId=852209.1 (status=0x0000).
srun: x1000c6s5b1n0: tasks 0-1: Completed
Run osu_oshm_put_bw benchmark using 1 nodes and 2 tasks:
srun: defined options
srun: -------------------- --------------------
srun: (null)              : x1000c6s5b1n[0-1]
srun: cpus-per-task       : 1
srun: distribution        : block:block
srun: hint                : nomultithread
srun: jobid               : 852209
srun: job-name            : hotlum-osu
srun: mem                 : 446G
srun: nodes               : 1
srun: ntasks              : 2
srun: output              : hotlum-osu_oshm_put_bw
srun: tres-per-task       : cpu:1
srun: unbuffered          : set
srun: verbose             : 1
srun: -------------------- --------------------
srun: end of defined options
srun: jobid 852209: nodes(2):`x1000c6s5b1n[0-1]', cpu counts: 256(x2)
srun: Implicitly setting --exact, because -c/--cpus-per-task given.
srun: CpuBindType=threads,one_thread
srun: launching StepId=852209.2 on host x1000c6s5b1n0, 2 tasks: [0-1]
srun: topology/default: init: topology Default plugin loaded
srun: Node x1000c6s5b1n0, 2 tasks started
srun: Received task exit notification for 2 tasks of StepId=852209.2 (status=0x0000).
srun: x1000c6s5b1n0: tasks 0-1: Completed
Run osu_oshm_get_bw benchmark using 1 nodes and 2 tasks:
srun: defined options
srun: -------------------- --------------------
srun: (null)              : x1000c6s5b1n[0-1]
srun: cpus-per-task       : 1
srun: distribution        : block:block
srun: hint                : nomultithread
srun: jobid               : 852209
srun: job-name            : hotlum-osu
srun: mem                 : 446G
srun: nodes               : 1
srun: ntasks              : 2
srun: output              : hotlum-osu_oshm_get_bw
srun: tres-per-task       : cpu:1
srun: unbuffered          : set
srun: verbose             : 1
srun: -------------------- --------------------
srun: end of defined options
srun: jobid 852209: nodes(2):`x1000c6s5b1n[0-1]', cpu counts: 256(x2)
srun: Implicitly setting --exact, because -c/--cpus-per-task given.
srun: CpuBindType=threads,one_thread
srun: launching StepId=852209.3 on host x1000c6s5b1n0, 2 tasks: [0-1]
srun: topology/default: init: topology Default plugin loaded
srun: Node x1000c6s5b1n0, 2 tasks started
srun: Received task exit notification for 2 tasks of StepId=852209.3 (status=0x0000).
srun: x1000c6s5b1n0: tasks 0-1: Completed
Run osu_oshm_barrier benchmark using 1 nodes and 128 tasks:
srun: defined options
srun: -------------------- --------------------
srun: (null)              : x1000c6s5b1n[0-1]
srun: cpus-per-task       : 1
srun: distribution        : block:block
srun: hint                : nomultithread
srun: jobid               : 852209
srun: job-name            : hotlum-osu
srun: mem                 : 446G
srun: nodes               : 1
srun: ntasks              : 128
srun: output              : hotlum-osu_oshm_barrier
srun: tres-per-task       : cpu:1
srun: unbuffered          : set
srun: verbose             : 1
srun: -------------------- --------------------
srun: end of defined options
srun: jobid 852209: nodes(2):`x1000c6s5b1n[0-1]', cpu counts: 256(x2)
srun: Implicitly setting --exact, because -c/--cpus-per-task given.
srun: CpuBindType=threads,one_thread
srun: launching StepId=852209.4 on host x1000c6s5b1n0, 128 tasks: [0-127]
srun: topology/default: init: topology Default plugin loaded
srun: Node x1000c6s5b1n0, 128 tasks started
srun: Received task exit notification for 127 tasks of StepId=852209.4 (status=0x0000).
srun: x1000c6s5b1n0: tasks 0-126: Completed
srun: Received task exit notification for 1 task of StepId=852209.4 (status=0x0000).
srun: x1000c6s5b1n0: task 127: Completed
Run osu_get_latency with lock synchronisation benchmark using 1 and 2 tasks:
Run osu_get_latency with flush synchronisation benchmark using 1 and 2 tasks:
Run osu_put_latency with lock synchronisation benchmark using 1 and 2 tasks:
Run osu_put_latency with flush synchronisation benchmark using 1 and 2 tasks:
Run osu_get_bw with lock synchronisation benchmark using 1 and 2 tasks:
Run osu_get_bw with flush synchronisation benchmark using 1 and 2 tasks:
Run osu_put_bw with lock synchronisation benchmark using 1 and 2 tasks:
Run osu_put_bw with flush synchronisation benchmark using 1 and 2 tasks:
Run osu_latency benchmark using 1 nodes and 2 tasks:
Run osu_bw benchmark using 1 nodes and 2 tasks:
Run osu_allreduce benchmark using 1 nodes and 128 tasks:
Run osu_oshm_put benchmark using 2 nodes and 2 tasks:
srun: defined options
srun: -------------------- --------------------
srun: (null)              : x1000c6s5b1n[0-1]
srun: cpus-per-task       : 1
srun: distribution        : block:block
srun: hint                : nomultithread
srun: jobid               : 852209
srun: job-name            : hotlum-osu
srun: mem                 : 446G
srun: nodes               : 2
srun: ntasks              : 2
srun: output              : hotlum-osu_oshm_put
srun: tres-per-task       : cpu:1
srun: unbuffered          : set
srun: verbose             : 1
srun: -------------------- --------------------
srun: end of defined options
srun: jobid 852209: nodes(2):`x1000c6s5b1n[0-1]', cpu counts: 256(x2)
srun: Implicitly setting --exact, because -c/--cpus-per-task given.
srun: CpuBindType=threads,one_thread
srun: launching StepId=852209.16 on host x1000c6s5b1n0, 1 tasks: 0
srun: launching StepId=852209.16 on host x1000c6s5b1n1, 1 tasks: 1
srun: topology/default: init: topology Default plugin loaded
srun: Node x1000c6s5b1n0, 1 tasks started
srun: Node x1000c6s5b1n1, 1 tasks started
srun: Received task exit notification for 1 task of StepId=852209.16 (status=0x0000).
srun: x1000c6s5b1n0: task 0: Completed
srun: Received task exit notification for 1 task of StepId=852209.16 (status=0x0000).
srun: x1000c6s5b1n1: task 1: Completed
Run osu_oshm_get benchmark using 2 nodes and 2 tasks:
srun: defined options
srun: -------------------- --------------------
srun: (null)              : x1000c6s5b1n[0-1]
srun: cpus-per-task       : 1
srun: distribution        : block:block
srun: hint                : nomultithread
srun: jobid               : 852209
srun: job-name            : hotlum-osu
srun: mem                 : 446G
srun: nodes               : 2
srun: ntasks              : 2
srun: output              : hotlum-osu_oshm_get
srun: tres-per-task       : cpu:1
srun: unbuffered          : set
srun: verbose             : 1
srun: -------------------- --------------------
srun: end of defined options
srun: jobid 852209: nodes(2):`x1000c6s5b1n[0-1]', cpu counts: 256(x2)
srun: Implicitly setting --exact, because -c/--cpus-per-task given.
srun: CpuBindType=threads,one_thread
srun: launching StepId=852209.17 on host x1000c6s5b1n0, 1 tasks: 0
srun: launching StepId=852209.17 on host x1000c6s5b1n1, 1 tasks: 1
srun: topology/default: init: topology Default plugin loaded
srun: Node x1000c6s5b1n0, 1 tasks started
srun: Node x1000c6s5b1n1, 1 tasks started
srun: Received task exit notification for 1 task of StepId=852209.17 (status=0x0000).
srun: x1000c6s5b1n0: task 0: Completed
srun: Received task exit notification for 1 task of StepId=852209.17 (status=0x0000).
srun: x1000c6s5b1n1: task 1: Completed
Run osu_oshm_put_bw benchmark using 2 nodes and 2 tasks:
srun: defined options
srun: -------------------- --------------------
srun: (null)              : x1000c6s5b1n[0-1]
srun: cpus-per-task       : 1
srun: distribution        : block:block
srun: hint                : nomultithread
srun: jobid               : 852209
srun: job-name            : hotlum-osu
srun: mem                 : 446G
srun: nodes               : 2
srun: ntasks              : 2
srun: output              : hotlum-osu_oshm_put_bw
srun: tres-per-task       : cpu:1
srun: unbuffered          : set
srun: verbose             : 1
srun: -------------------- --------------------
srun: end of defined options
srun: jobid 852209: nodes(2):`x1000c6s5b1n[0-1]', cpu counts: 256(x2)
srun: Implicitly setting --exact, because -c/--cpus-per-task given.
srun: CpuBindType=threads,one_thread
srun: launching StepId=852209.18 on host x1000c6s5b1n0, 1 tasks: 0
srun: launching StepId=852209.18 on host x1000c6s5b1n1, 1 tasks: 1
srun: topology/default: init: topology Default plugin loaded
srun: Node x1000c6s5b1n1, 1 tasks started
srun: Node x1000c6s5b1n0, 1 tasks started
srun: Received task exit notification for 1 task of StepId=852209.18 (status=0x0000).
srun: x1000c6s5b1n0: task 0: Completed
srun: Received task exit notification for 1 task of StepId=852209.18 (status=0x0000).
srun: x1000c6s5b1n1: task 1: Completed
Run osu_oshm_get_bw benchmark using 2 nodes and 2 tasks:
srun: defined options
srun: -------------------- --------------------
srun: (null)              : x1000c6s5b1n[0-1]
srun: cpus-per-task       : 1
srun: distribution        : block:block
srun: hint                : nomultithread
srun: jobid               : 852209
srun: job-name            : hotlum-osu
srun: mem                 : 446G
srun: nodes               : 2
srun: ntasks              : 2
srun: output              : hotlum-osu_oshm_get_bw
srun: tres-per-task       : cpu:1
srun: unbuffered          : set
srun: verbose             : 1
srun: -------------------- --------------------
srun: end of defined options
srun: jobid 852209: nodes(2):`x1000c6s5b1n[0-1]', cpu counts: 256(x2)
srun: Implicitly setting --exact, because -c/--cpus-per-task given.
srun: CpuBindType=threads,one_thread
srun: launching StepId=852209.19 on host x1000c6s5b1n0, 1 tasks: 0
srun: launching StepId=852209.19 on host x1000c6s5b1n1, 1 tasks: 1
srun: topology/default: init: topology Default plugin loaded
srun: Node x1000c6s5b1n0, 1 tasks started
srun: Node x1000c6s5b1n1, 1 tasks started
srun: Received task exit notification for 1 task of StepId=852209.19 (status=0x0000).
srun: x1000c6s5b1n0: task 0: Completed
srun: Received task exit notification for 1 task of StepId=852209.19 (status=0x0000).
srun: x1000c6s5b1n1: task 1: Completed
Run osu_oshm_barrier benchmark using 2 nodes and 128 tasks:
srun: defined options
srun: -------------------- --------------------
srun: (null)              : x1000c6s5b1n[0-1]
srun: cpus-per-task       : 1
srun: distribution        : block:block
srun: hint                : nomultithread
srun: jobid               : 852209
srun: job-name            : hotlum-osu
srun: mem                 : 446G
srun: nodes               : 2
srun: ntasks              : 128
srun: output              : hotlum-osu_oshm_barrier
srun: tres-per-task       : cpu:1
srun: unbuffered          : set
srun: verbose             : 1
srun: -------------------- --------------------
srun: end of defined options
srun: jobid 852209: nodes(2):`x1000c6s5b1n[0-1]', cpu counts: 256(x2)
srun: Implicitly setting --exact, because -c/--cpus-per-task given.
srun: CpuBindType=threads,one_thread
srun: launching StepId=852209.20 on host x1000c6s5b1n0, 64 tasks: [0-63]
srun: launching StepId=852209.20 on host x1000c6s5b1n1, 64 tasks: [64-127]
srun: topology/default: init: topology Default plugin loaded
srun: Node x1000c6s5b1n1, 64 tasks started
srun: Node x1000c6s5b1n0, 64 tasks started
srun: Received task exit notification for 63 tasks of StepId=852209.20 (status=0x0000).
srun: x1000c6s5b1n1: tasks 64-103,105-127: Completed
srun: Received task exit notification for 63 tasks of StepId=852209.20 (status=0x0000).
srun: x1000c6s5b1n0: tasks 0-36,38-63: Completed
srun: Received task exit notification for 1 task of StepId=852209.20 (status=0x0000).
srun: x1000c6s5b1n0: task 37: Completed
srun: Received task exit notification for 1 task of StepId=852209.20 (status=0x0000).
srun: x1000c6s5b1n1: task 104: Completed
Run osu_get_latency with lock synchronisation benchmark using 2 and 2 tasks:
Run osu_get_latency with flush synchronisation benchmark using 2 and 2 tasks:
Run osu_put_latency with lock synchronisation benchmark using 2 and 2 tasks:
Run osu_put_latency with flush synchronisation benchmark using 2 and 2 tasks:
srun: Step created for StepId=852209.24
Run osu_get_bw with lock synchronisation benchmark using 2 and 2 tasks:
Run osu_get_bw with flush synchronisation benchmark using 2 and 2 tasks:
Run osu_put_bw with lock synchronisation benchmark using 2 and 2 tasks:
Run osu_put_bw with flush synchronisation benchmark using 2 and 2 tasks:
Run osu_latency benchmark using 2 nodes and 2 tasks:
Run osu_bw benchmark using 2 nodes and 2 tasks:
Run osu_allreduce benchmark using 2 nodes and 128 tasks:
