Loading the Cray Compiling Environment (CCE)

The following have been reloaded with a version change:
  1) PrgEnv-cray/8.3.3 => PrgEnv-cray/8.4.0
  2) cce/15.0.0 => cce/16.0.1
  3) cray-libsci/22.12.1.1 => cray-libsci/23.09.1.1
  4) cray-mpich/8.1.23 => cray-mpich/8.1.27
  5) cray-openshmemx/11.5.7 => cray-openshmemx/11.6.1
  6) craype/2.7.19 => craype/2.7.23
  7) perftools-base/22.12.0 => perftools-base/23.09.0

Setting SHMEM symmetric size

Currently Loaded Modules:
  1) craype-x86-rome                         9) cce/16.0.1
  2) libfabric/1.12.1.2.2.0.0               10) cray-dsmml/0.2.2
  3) craype-network-ofi                     11) cray-libsci/23.09.1.1
  4) xpmem/2.5.2-2.4_3.30__gd0f7936.shasta  12) cray-mpich/8.1.27
  5) bolt/0.8                               13) cray-openshmemx/11.6.1
  6) epcc-setup-env                         14) craype/2.7.23
  7) load-epcc-module                       15) perftools-base/23.09.0
  8) PrgEnv-cray/8.4.0                      16) cpe/23.09

 

Run osu_oshm_put benchmark using 1 nodes and 2 tasks.
Run osu_oshm_get benchmark using 1 nodes and 2 tasks.
Run osu_oshm_put_bw benchmark using 1 nodes and 2 tasks.
Run osu_oshm_get_bw benchmark using 1 nodes and 2 tasks.
Run osu_oshm_barrier benchmark using 1 nodes and 128 tasks.
Run osu_get_latency with lock synchronisation benchmark using 1 nodes and 2 tasks.
Run osu_get_latency with flush synchronisation benchmark using 1 nodes and 2 tasks.
Run osu_put_latency with lock synchronisation benchmark using 1 nodes and 2 tasks.
Run osu_put_latency with flush synchronisation benchmark using 1 nodes and 2 tasks.
Run osu_get_bw with lock synchronisation benchmark using 1 nodes and 2 tasks.
Run osu_get_bw with flush synchronisation benchmark using 1 nodes and 2 tasks.
Run osu_put_bw with lock synchronisation benchmark using 1 nodes and 2 tasks.
Run osu_put_bw with flush synchronisation benchmark using 1 nodes and 2 tasks.
Run osu_latency benchmark using 1 nodes and 2 tasks.
Run osu_bw benchmark using 1 nodes and 2 tasks.
Run osu_allreduce benchmark using 1 nodes and 128 tasks.
Run osu_oshm_put benchmark using 2 nodes and 2 tasks.
Run osu_oshm_get benchmark using 2 nodes and 2 tasks.
Run osu_oshm_put_bw benchmark using 2 nodes and 2 tasks.
Run osu_oshm_get_bw benchmark using 2 nodes and 2 tasks.
Run osu_oshm_barrier benchmark using 2 nodes and 128 tasks.
Run osu_get_latency with lock synchronisation benchmark using 2 nodes and 2 tasks.
Run osu_get_latency with flush synchronisation benchmark using 2 nodes and 2 tasks.
Run osu_put_latency with lock synchronisation benchmark using 2 nodes and 2 tasks.
Run osu_put_latency with flush synchronisation benchmark using 2 nodes and 2 tasks.
Run osu_get_bw with lock synchronisation benchmark using 2 nodes and 2 tasks.
Run osu_get_bw with flush synchronisation benchmark using 2 nodes and 2 tasks.
Run osu_put_bw with lock synchronisation benchmark using 2 nodes and 2 tasks.
Run osu_put_bw with flush synchronisation benchmark using 2 nodes and 2 tasks.
Run osu_latency benchmark using 2 nodes and 2 tasks.
Run osu_bw benchmark using 2 nodes and 2 tasks.
Run osu_allreduce benchmark using 2 nodes and 128 tasks.
